c:\users\tom\source\repos\shmupengine\shmupengine\debug\vc142.pdb
c:\users\tom\source\repos\shmupengine\shmupengine\debug\vc142.idb
c:\users\tom\source\repos\shmupengine\shmupengine\debug\main.obj
c:\users\tom\source\repos\shmupengine\shmupengine\debug\shadermanagement.obj
c:\users\tom\source\repos\shmupengine\shmupengine\debug\textureloader.obj
c:\users\tom\source\repos\shmupengine\shmupengine\debug\trphysics.obj
c:\users\tom\source\repos\shmupengine\shmupengine\debug\trrenderer.obj
c:\users\tom\source\repos\shmupengine\shmupengine\debug\trobject.obj
c:\users\tom\source\repos\shmupengine\shmupengine\debug\usynergy.obj
c:\users\tom\source\repos\shmupengine\shmupengine\debug\glad.obj
c:\users\tom\source\repos\shmupengine\shmupengine\debug\imgui_impl_win32.obj
c:\users\tom\source\repos\shmupengine\shmupengine\debug\imgui_impl_opengl3.obj
c:\users\tom\source\repos\shmupengine\shmupengine\debug\imgui_impl_opengl2.obj
c:\users\tom\source\repos\shmupengine\shmupengine\debug\imgui_impl_glfw.obj
c:\users\tom\source\repos\shmupengine\shmupengine\debug\imgui_impl_dx9.obj
c:\users\tom\source\repos\shmupengine\shmupengine\debug\imgui_impl_dx11.obj
c:\users\tom\source\repos\shmupengine\shmupengine\debug\imgui_impl_dx10.obj
c:\users\tom\source\repos\shmupengine\shmupengine\debug\imgui_widgets.obj
c:\users\tom\source\repos\shmupengine\shmupengine\debug\imgui_tables.obj
c:\users\tom\source\repos\shmupengine\shmupengine\debug\imgui_draw.obj
c:\users\tom\source\repos\shmupengine\shmupengine\debug\imgui_demo.obj
c:\users\tom\source\repos\shmupengine\shmupengine\debug\imgui.obj
c:\users\tom\source\repos\shmupengine\shmupengine\debug\binary_to_compressed_c.obj
c:\users\tom\source\repos\shmupengine\shmupengine\debug\imgui_stdlib.obj
c:\users\tom\source\repos\shmupengine\shmupengine\debug\imguiwindow.obj
c:\users\tom\source\repos\shmupengine\shmupengine\debug\testimguiwindow.obj
c:\users\tom\source\repos\shmupengine\shmupengine\debug\trloggerimgui.obj
c:\users\tom\source\repos\shmupengine\shmupengine\debug\trlogger.obj
c:\users\tom\source\repos\shmupengine\shmupengine\debug\trinput.obj
c:\users\tom\source\repos\shmupengine\shmupengine\debug\trworldobject.obj
c:\users\tom\source\repos\shmupengine\shmupengine\debug\trworld.obj
c:\users\tom\source\repos\shmupengine\shmupengine\debug\trplayer.obj
c:\users\tom\source\repos\shmupengine\shmupengine\debug\trprojectile.obj
c:\users\tom\source\repos\shmupengine\shmupengine\debug\trenemy.obj
c:\users\tom\source\repos\shmupengine\shmupengine\debug\trwavemanager.obj
c:\users\tom\source\repos\shmupengine\debug\shmupengine.exe
c:\users\tom\source\repos\shmupengine\debug\shmupengine.ilk
c:\users\tom\source\repos\shmupengine\debug\shmupengine.pdb
c:\users\tom\source\repos\shmupengine\shmupengine\debug\shmupengine.tlog\cl.command.1.tlog
c:\users\tom\source\repos\shmupengine\shmupengine\debug\shmupengine.tlog\cl.read.1.tlog
c:\users\tom\source\repos\shmupengine\shmupengine\debug\shmupengine.tlog\cl.write.1.tlog
c:\users\tom\source\repos\shmupengine\shmupengine\debug\shmupengine.tlog\link.command.1.tlog
c:\users\tom\source\repos\shmupengine\shmupengine\debug\shmupengine.tlog\link.read.1.tlog
c:\users\tom\source\repos\shmupengine\shmupengine\debug\shmupengine.tlog\link.write.1.tlog
