  glad.c
  imguiWindow.cpp
  imgui.cpp
  imgui_demo.cpp
  imgui_draw.cpp
  imgui_impl_glfw.cpp
  imgui_impl_opengl3.cpp
  imgui_tables.cpp
  imgui_widgets.cpp
  main.cpp
  ShaderManagement.cpp
  TextureLoader.cpp
  TRPhysics.cpp
  TRObject.cpp
  TRRenderer.cpp
  TestImGUIWindow.cpp
  TRLogger.cpp
  TRLoggerImGui.cpp
  Generating Code...
LINK : warning LNK4098: defaultlib 'MSVCRT' conflicts with use of other libs; use /NODEFAULTLIB:library
  ShmupEngine.vcxproj -> C:\Users\Tom\source\repos\ShmupEngine\EditorDebug\ShmupEngine.exe
