  TREnemy.cpp
C:\Users\Tom\source\repos\ShmupEngine\ShmupEngine\TRMath.h(14,22): warning C4244: 'return': conversion from 'double' to 'float', possible loss of data
C:\Users\Tom\source\repos\ShmupEngine\ShmupEngine\Gameplay\AI\TREnemy.cpp(66,37): warning C4305: '+=': truncation from 'double' to 'float'
C:\Users\Tom\source\repos\ShmupEngine\ShmupEngine\Gameplay\AI\TREnemy.cpp(69,27): warning C4305: '+=': truncation from 'double' to 'float'
C:\Users\Tom\source\repos\ShmupEngine\ShmupEngine\Gameplay\AI\TREnemy.cpp(142,10): warning C4244: 'initializing': conversion from 'int' to 'float', possible loss of data
C:\Users\Tom\source\repos\ShmupEngine\ShmupEngine\Gameplay\AI\TREnemy.cpp(151,19): warning C4244: 'initializing': conversion from 'double' to 'float', possible loss of data
  TRWaveManager.cpp
C:\Users\Tom\source\repos\ShmupEngine\ShmupEngine\TRMath.h(14,22): warning C4244: 'return': conversion from 'double' to 'float', possible loss of data
C:\Users\Tom\source\repos\ShmupEngine\ShmupEngine\Gameplay\AI\TRWaveManager.cpp(68,28): warning C4244: 'initializing': conversion from 'clock_t' to 'float', possible loss of data
C:\Users\Tom\source\repos\ShmupEngine\ShmupEngine\Gameplay\AI\TRWaveManager.cpp(69,26): warning C4244: 'initializing': conversion from 'clock_t' to 'float', possible loss of data
C:\Users\Tom\source\repos\ShmupEngine\ShmupEngine\Gameplay\AI\TRWaveManager.cpp(186,8): warning C4834: discarding return value of function with 'nodiscard' attribute
  TRGameOverScreen.cpp
C:\Users\Tom\source\repos\ShmupEngine\ShmupEngine\Rendering\TextureLoader.h(16,39): warning C4227: anachronism used: qualifiers on reference are ignored
  TRMainMenu.cpp
C:\Users\Tom\source\repos\ShmupEngine\ShmupEngine\Rendering\TextureLoader.h(16,39): warning C4227: anachronism used: qualifiers on reference are ignored
  TRPlayer.cpp
C:\Users\Tom\source\repos\ShmupEngine\ShmupEngine\Rendering\TextureLoader.h(16,39): warning C4227: anachronism used: qualifiers on reference are ignored
C:\Users\Tom\source\repos\ShmupEngine\ShmupEngine\Objects\TRPlayer.cpp(184,54): warning C4305: '*=': truncation from 'double' to 'float'
C:\Users\Tom\source\repos\ShmupEngine\ShmupEngine\Objects\TRPlayer.cpp(185,54): warning C4305: '*=': truncation from 'double' to 'float'
  TRProjectile.cpp
C:\Users\Tom\source\repos\ShmupEngine\ShmupEngine\Objects\TRProjectile.cpp(28,62): warning C4244: 'argument': conversion from 'double' to 'float', possible loss of data
C:\Users\Tom\source\repos\ShmupEngine\ShmupEngine\Objects\TRProjectile.cpp(28,34): warning C4244: 'argument': conversion from 'double' to 'float', possible loss of data
C:\Users\Tom\source\repos\ShmupEngine\ShmupEngine\Objects\TRProjectile.cpp(34,32): warning C4305: '+=': truncation from 'double' to 'float'
  TRWorld.cpp
C:\Users\Tom\source\repos\ShmupEngine\ShmupEngine\Objects\TRWorld.cpp(46,30): warning C4244: 'initializing': conversion from 'clock_t' to 'float', possible loss of data
C:\Users\Tom\source\repos\ShmupEngine\ShmupEngine\Objects\TRWorld.cpp(54,32): warning C4244: 'initializing': conversion from 'clock_t' to 'float', possible loss of data
C:\Users\Tom\source\repos\ShmupEngine\ShmupEngine\Objects\TRWorld.cpp(69,20): warning C4018: '<': signed/unsigned mismatch
  TRWorldObject.cpp
C:\Program Files (x86)\Windows Kits\10\Include\10.0.18362.0\shared\minwindef.h(130,1): warning C4005: 'APIENTRY': macro redefinition
C:\Users\Tom\source\repos\ShmupEngine\ShmupEngine\Libraries\include\glad\glad.h(32): message : see previous definition of 'APIENTRY'
C:\Users\Tom\source\repos\ShmupEngine\ShmupEngine\Objects\TRWorldObject.cpp(67,38): warning C4244: 'initializing': conversion from 'clock_t' to 'float', possible loss of data
  TRPhysics.cpp
C:\Users\Tom\source\repos\ShmupEngine\ShmupEngine\Physics\TRPhysics.cpp(78,20): warning C4018: '<': signed/unsigned mismatch
C:\Users\Tom\source\repos\ShmupEngine\ShmupEngine\Physics\TRPhysics.cpp(121,22): warning C4018: '<': signed/unsigned mismatch
  main.cpp
C:\Users\Tom\source\repos\ShmupEngine\ShmupEngine\Rendering\TextureLoader.h(16,39): warning C4227: anachronism used: qualifiers on reference are ignored
  Generating code
  3 of 2219 functions ( 0.1%) were compiled, the rest were copied from previous compilation.
    0 functions were new in current compilation
    16 functions had inline decision re-evaluated but remain unchanged
  Finished generating code
  ShmupEngine.vcxproj -> C:\Users\Tom\source\repos\ShmupEngine\Release\ShmupEngine.exe
